<?xml version="1.0" encoding="UTF-8"?>
<testsuite xmlns:xsi="http://www.w3.org/2001/XMLSchema-instance" xsi:noNamespaceSchemaLocation="https://maven.apache.org/surefire/maven-surefire-plugin/xsd/surefire-test-report-3.0.xsd" version="3.0" name="org.jrimum.utilix.TestObjects" time="0.0" tests="10" errors="0" skipped="0" failures="0">
  <properties>
[...]
</properties>
  <testcase name="testIsNotNull" classname="org.jrimum.utilix.TestObjects" time="0.0"/>
  <testcase name="testMensagemCheckNullComMensagem" classname="org.jrimum.utilix.TestObjects" time="0.0"/>
  <testcase name="testCheckNotNull" classname="org.jrimum.utilix.TestObjects" time="0.0"/>
  <testcase name="testWhenNull1" classname="org.jrimum.utilix.TestObjects" time="0.0"/>
  <testcase name="testWhenNull2" classname="org.jrimum.utilix.TestObjects" time="0.0"/>
  <testcase name="testMensagemChecNotkNullComMensagem" classname="org.jrimum.utilix.TestObjects" time="0.0"/>
  <testcase name="testCheckNullComMensagem" classname="org.jrimum.utilix.TestObjects" time="0.0"/>
  <testcase name="testCheckNull" classname="org.jrimum.utilix.TestObjects" time="0.0"/>
  <testcase name="testCheckNotNullComMensagem" classname="org.jrimum.utilix.TestObjects" time="0.0"/>
  <testcase name="testIsNull" classname="org.jrimum.utilix.TestObjects" time="0.0"/>
</testsuite>